Per-Tag Stats
Tag ID                 Aggr Instructions      Aggr I$ Misses   Aggr Stall Cycles  Aggr Bubble Cycles   Aggr Total Cycles    Abs Total Cycles                 IPC    % of Kernel Cycles
======================================================================================================================================================================================
kernel                           1060495                   0             2709053               33596             3803109              238176              0.2788              100.00
======================================================================================================================================================================================

Per-Tile-Group Timing Stats
Tile Group ID                         Aggr Instructions   Aggr Total Cycles     Abs Total Cycle                 IPC   TG / Tag-Total (%)   TG / Kernel-Total(%)
======================================================================================================================================================================================
-----------------------------------------------------------------------------------  Tag kernel    -----------------------------------------------------------------------------------
0                                               1060495             3803109              238176              0.2788              100.00              100.00
total                                           1060495             3803109              238176              0.2788              100.00              100.00
======================================================================================================================================================================================

Per-Tag Miss Stats
Miss Type                                        Misses            Accesses        Hit Rate (%)
======================================================================================================================================================================================
-----------------------------------------------------------------------------------  Tag kernel    -----------------------------------------------------------------------------------
miss_icache                                           0             1060495              100.00
miss_beq                                            996               47839               97.92
miss_bne                                             31                 845               96.33
miss_blt                                          14305               47643               69.97
miss_bge                                            170               26484               99.36
miss_bltu                                           960               11520               91.67
miss_bgeu                                             0                 640              100.00
miss_jalr                                           336                 336                0.00
miss_total                                        16798             1060495               98.42
======================================================================================================================================================================================

Per-Tag Stall Stats
Stall Type                                       Cycles      % Stall Cycles      % Total Cycles
======================================================================================================================================================================================
-----------------------------------------------------------------------------------  Tag kernel    -----------------------------------------------------------------------------------
stall_fp_remote_load                                  0                0.00                0.00
stall_fp_local_load                                   0                0.00                0.00
stall_depend                                    2372492               87.58               62.38
  stall_depend_remote_load_dram                 2272108               83.87               59.74
  stall_depend_remote_load_global                     0                0.00                0.00
  stall_depend_remote_load_group                      0                0.00                0.00
  stall_depend_local_load                        135242                4.99                3.56
stall_force_wb                                     7283                0.27                0.19
stall_ifetch_wait                                     0                0.00                0.00
stall_icache_store                                    0                0.00                0.00
stall_lr_aq                                      313795               11.58                8.25
stall_md                                           1840                0.07                0.05
stall_remote_req                                  13643                0.50                0.36
stall_local_flw                                       0                0.00                0.00
stall_amo_aq                                          0                0.00                0.00
stall_amo_rl                                          0                0.00                0.00
stall_total                                     2709053              100.00               71.23
======================================================================================================================================================================================

Per-Tag Bubble Stats
Bubble Type                                      Cycles        % of Bubbles   % of Total Cycles
======================================================================================================================================================================================
-----------------------------------------------------------------------------------  Tag kernel    -----------------------------------------------------------------------------------
bubble_icache                                         0                0.00                0.00
bubble_branch_mispredict                          32924               98.00                0.87
bubble_jalr_mispredict                              672                2.00                0.02
bubble_total                                      33596              100.00                0.88
======================================================================================================================================================================================

Per-Tag Instruction Stats
Instruction                                       Count   % of Instructions
======================================================================================================================================================================================
-----------------------------------------------------------------------------------  Tag kernel    -----------------------------------------------------------------------------------
instr_fadd                                        24832                2.34
instr_fsub                                            0                0.00
instr_fmul                                        24832                2.34
instr_fsgnj                                           0                0.00
instr_fsgnjn                                          0                0.00
instr_fsgnjx                                          0                0.00
instr_fmin                                            0                0.00
instr_fmax                                            0                0.00
instr_fcvt_s_w                                        0                0.00
instr_fcvt_s_wu                                       0                0.00
instr_fmv_w_x                                       160                0.02
instr_feq                                             0                0.00
instr_flt                                             0                0.00
instr_fle                                             0                0.00
instr_fcvt_w_s                                        0                0.00
instr_fcvt_wu_s                                       0                0.00
instr_fclass                                          0                0.00
instr_fmv_x_w                                         0                0.00
instr_local_ld                                    11790                1.11
instr_local_st                                    80645                7.60
instr_remote_ld_dram                             221504               20.89
instr_remote_ld_global                                0                0.00
instr_remote_ld_group                                 0                0.00
instr_remote_st_dram                                  0                0.00
instr_remote_st_global                               16                0.00
instr_remote_st_group                                40                0.00
instr_local_flw                                   24832                2.34
instr_local_fsw                                     320                0.03
instr_remote_flw                                  24832                2.34
instr_remote_fsw                                    320                0.03
instr_lr                                             20                0.00
instr_lr_aq                                          15                0.00
instr_amoswap                                         0                0.00
instr_amoor                                           0                0.00
instr_beq                                         47839                4.51
instr_bne                                           845                0.08
instr_blt                                         47643                4.49
instr_bge                                         26484                2.50
instr_bltu                                        11520                1.09
instr_bgeu                                          640                0.06
instr_jalr                                          336                0.03
instr_jal                                         39337                3.71
instr_sll                                             0                0.00
instr_slli                                       154979               14.61
instr_srl                                             0                0.00
instr_srli                                            0                0.00
instr_sra                                             0                0.00
instr_srai                                           20                0.00
instr_add                                         75607                7.13
instr_addi                                       123252               11.62
instr_sub                                         39326                3.71
instr_lui                                           229                0.02
instr_auipc                                           0                0.00
instr_xor                                           320                0.03
instr_xori                                            0                0.00
instr_or                                          76584                7.22
instr_ori                                             0                0.00
instr_and                                            48                0.00
instr_andi                                         1280                0.12
instr_slt                                             0                0.00
instr_slti                                            0                0.00
instr_sltu                                            0                0.00
instr_sltiu                                           0                0.00
instr_mul                                            32                0.00
instr_mulh                                            0                0.00
instr_mulhsu                                          0                0.00
instr_mulhu                                           0                0.00
instr_div                                            16                0.00
instr_divu                                            0                0.00
instr_rem                                             0                0.00
instr_remu                                            0                0.00
instr_fence                                           0                0.00
instr_total                                     1060495              100.00
======================================================================================================================================================================================

Per-Tile Timing Stats
Relative Tile Coordinate (Y,X)             Instructions              Cycles                 IPC   Tile / Tag-Total (%)   Tile / Kernel-Total(%)
======================================================================================================================================================================================
-----------------------------------------------------------------------------------  Tag kernel    -----------------------------------------------------------------------------------
0 , 0                                             62914              238066              0.2643                6.26              100.00
0 , 1                                             75223              238074              0.3160                6.26              100.00
0 , 2                                             62914              237989              0.2644                6.26              100.00
0 , 3                                             62914              237940              0.2644                6.26              100.00
1 , 0                                             62914              237927              0.2644                6.26              100.00
1 , 1                                             79770              237924              0.3353                6.26              100.00
1 , 2                                             62914              237834              0.2645                6.25              100.00
1 , 3                                             62914              237774              0.2646                6.25              100.00
2 , 0                                             62915              237657              0.2647                6.25              100.00
2 , 1                                             75577              237646              0.3180                6.25              100.00
2 , 2                                             62914              237542              0.2649                6.25              100.00
2 , 3                                             62915              237480              0.2649                6.24              100.00
3 , 0                                             62915              237403              0.2650                6.24              100.00
3 , 1                                             74954              237380              0.3158                6.24              100.00
3 , 2                                             62914              237276              0.2652                6.24              100.00
3 , 3                                             62914              237197              0.2652                6.24              100.00
total                                           1060495             3803109                   0              0.2788              100.00              100.00
======================================================================================================================================================================================

