Per-Tag Stats
Tag ID                 Aggr Instructions      Aggr I$ Misses   Aggr Stall Cycles  Aggr Bubble Cycles   Aggr Total Cycles    Abs Total Cycles                 IPC    % of Kernel Cycles
======================================================================================================================================================================================
kernel                           2391350                   0             5477668              253296             8122279              508127              0.2944              100.00
======================================================================================================================================================================================

Per-Tile-Group Timing Stats
Tile Group ID                         Aggr Instructions   Aggr Total Cycles     Abs Total Cycle                 IPC   TG / Tag-Total (%)   TG / Kernel-Total(%)
======================================================================================================================================================================================
-----------------------------------------------------------------------------------  Tag kernel    -----------------------------------------------------------------------------------
0                                               2391350             8122279              508127              0.2944              100.00              100.00
total                                           2391350             8122279              508127              0.2944              100.00              100.00
======================================================================================================================================================================================

Per-Tag Miss Stats
Miss Type                                        Misses            Accesses        Hit Rate (%)
======================================================================================================================================================================================
-----------------------------------------------------------------------------------  Tag kernel    -----------------------------------------------------------------------------------
miss_icache                                           0             2391350              100.00
miss_beq                                           1118              159354               99.30
miss_bne                                             31                3405               99.09
miss_blt                                         117633              161596               27.21
miss_bge                                           1450               29166               95.03
miss_bltu                                          4800               19200               75.00
miss_bgeu                                             0                3200              100.00
miss_jalr                                          1616                1616                0.00
miss_total                                       126648             2391350               94.70
======================================================================================================================================================================================

Per-Tag Stall Stats
Stall Type                                       Cycles      % Stall Cycles      % Total Cycles
======================================================================================================================================================================================
-----------------------------------------------------------------------------------  Tag kernel    -----------------------------------------------------------------------------------
stall_fp_remote_load                                  0                0.00                0.00
stall_fp_local_load                                   0                0.00                0.00
stall_depend                                    4911688               89.67               60.47
  stall_depend_remote_load_dram                 4811016               87.83               59.23
  stall_depend_remote_load_global                     0                0.00                0.00
  stall_depend_remote_load_group                      0                0.00                0.00
  stall_depend_local_load                       3582100               65.39               44.10
stall_force_wb                                    13061                0.24                0.16
stall_ifetch_wait                                     0                0.00                0.00
stall_icache_store                                    0                0.00                0.00
stall_lr_aq                                      543404                9.92                6.69
stall_md                                           1840                0.03                0.02
stall_remote_req                                   7675                0.14                0.09
stall_local_flw                                       0                0.00                0.00
stall_amo_aq                                          0                0.00                0.00
stall_amo_rl                                          0                0.00                0.00
stall_total                                     5477668              100.00               67.44
======================================================================================================================================================================================

Per-Tag Bubble Stats
Bubble Type                                      Cycles        % of Bubbles   % of Total Cycles
======================================================================================================================================================================================
-----------------------------------------------------------------------------------  Tag kernel    -----------------------------------------------------------------------------------
bubble_icache                                         0                0.00                0.00
bubble_branch_mispredict                         250064               98.72                3.08
bubble_jalr_mispredict                             3232                1.28                0.04
bubble_total                                     253296              100.00                3.12
======================================================================================================================================================================================

Per-Tag Instruction Stats
Instruction                                       Count   % of Instructions
======================================================================================================================================================================================
-----------------------------------------------------------------------------------  Tag kernel    -----------------------------------------------------------------------------------
instr_fadd                                        24832                1.04
instr_fsub                                            0                0.00
instr_fmul                                        24832                1.04
instr_fsgnj                                           0                0.00
instr_fsgnjn                                          0                0.00
instr_fsgnjx                                          0                0.00
instr_fmin                                            0                0.00
instr_fmax                                            0                0.00
instr_fcvt_s_w                                        0                0.00
instr_fcvt_s_wu                                       0                0.00
instr_fmv_w_x                                       160                0.01
instr_feq                                             0                0.00
instr_flt                                             0                0.00
instr_fle                                             0                0.00
instr_fcvt_w_s                                        0                0.00
instr_fcvt_wu_s                                       0                0.00
instr_fclass                                          0                0.00
instr_fmv_x_w                                         0                0.00
instr_local_ld                                    20137                0.84
instr_local_st                                    80661                3.37
instr_remote_ld_dram                             338912               14.17
instr_remote_ld_global                                0                0.00
instr_remote_ld_group                                 0                0.00
instr_remote_st_dram                                  0                0.00
instr_remote_st_global                               16                0.00
instr_remote_st_group                                40                0.00
instr_local_flw                                   24832                1.04
instr_local_fsw                                    1600                0.07
instr_remote_flw                                  24832                1.04
instr_remote_fsw                                   1600                0.07
instr_lr                                             20                0.00
instr_lr_aq                                          15                0.00
instr_amoswap                                         0                0.00
instr_amoor                                           0                0.00
instr_beq                                        159354                6.66
instr_bne                                          3405                0.14
instr_blt                                        161596                6.76
instr_bge                                         29166                1.22
instr_bltu                                        19200                0.80
instr_bgeu                                         3200                0.13
instr_jalr                                         1616                0.07
instr_jal                                        145225                6.07
instr_sll                                             0                0.00
instr_slli                                       371907               15.55
instr_srl                                             0                0.00
instr_srli                                            0                0.00
instr_sra                                             0                0.00
instr_srai                                           20                0.00
instr_add                                        196258                8.21
instr_addi                                       520111               21.75
instr_sub                                        145214                6.07
instr_lui                                           229                0.01
instr_auipc                                           0                0.00
instr_xor                                          1600                0.07
instr_xori                                            0                0.00
instr_or                                          84264                3.52
instr_ori                                             0                0.00
instr_and                                            48                0.00
instr_andi                                         6400                0.27
instr_slt                                             0                0.00
instr_slti                                            0                0.00
instr_sltu                                            0                0.00
instr_sltiu                                           0                0.00
instr_mul                                            32                0.00
instr_mulh                                            0                0.00
instr_mulhsu                                          0                0.00
instr_mulhu                                           0                0.00
instr_div                                            16                0.00
instr_divu                                            0                0.00
instr_rem                                             0                0.00
instr_remu                                            0                0.00
instr_fence                                           0                0.00
instr_total                                     2391350              100.00
======================================================================================================================================================================================

Per-Tile Timing Stats
Relative Tile Coordinate (Y,X)             Instructions              Cycles                 IPC   Tile / Tag-Total (%)   Tile / Kernel-Total(%)
======================================================================================================================================================================================
-----------------------------------------------------------------------------------  Tag kernel    -----------------------------------------------------------------------------------
0 , 0                                            143029              508017              0.2815                6.25              100.00
0 , 1                                            166444              508025              0.3276                6.25              100.00
0 , 2                                            143029              507940              0.2816                6.25              100.00
0 , 3                                            143029              507891              0.2816                6.25              100.00
1 , 0                                            143029              507876              0.2816                6.25              100.00
1 , 1                                            173878              507875              0.3424                6.25              100.00
1 , 2                                            143029              507785              0.2817                6.25              100.00
1 , 3                                            143029              507725              0.2817                6.25              100.00
2 , 0                                            143030              507601              0.2818                6.25              100.00
2 , 1                                            167326              507590              0.3296                6.25              100.00
2 , 2                                            143029              507493              0.2818                6.25              100.00
2 , 3                                            143030              507427              0.2819                6.25              100.00
3 , 0                                            143030              507337              0.2819                6.25              100.00
3 , 1                                            167351              507329              0.3299                6.25              100.00
3 , 2                                            143029              507222              0.2820                6.24              100.00
3 , 3                                            143029              507146              0.2820                6.24              100.00
total                                           2391350             8122279                   0              0.2944              100.00              100.00
======================================================================================================================================================================================

