Per-Tag Stats
Tag ID                 Aggr Instructions      Aggr I$ Misses   Aggr Stall Cycles  Aggr Bubble Cycles   Aggr Total Cycles    Abs Total Cycles                 IPC    % of Kernel Cycles
======================================================================================================================================================================================
kernel                            898383                   0             2346829                3980             3249157              203554              0.2765              100.00
======================================================================================================================================================================================

Per-Tile-Group Timing Stats
Tile Group ID                         Aggr Instructions   Aggr Total Cycles     Abs Total Cycle                 IPC   TG / Tag-Total (%)   TG / Kernel-Total(%)
======================================================================================================================================================================================
-----------------------------------------------------------------------------------  Tag kernel    -----------------------------------------------------------------------------------
0                                                898383             3249157              203554              0.2765              100.00              100.00
total                                            898383             3249157              203554              0.2765              100.00              100.00
======================================================================================================================================================================================

Per-Tag Miss Stats
Miss Type                                        Misses            Accesses        Hit Rate (%)
======================================================================================================================================================================================
-----------------------------------------------------------------------------------  Tag kernel    -----------------------------------------------------------------------------------
miss_icache                                           0              898383              100.00
miss_beq                                            972               32676               97.03
miss_bne                                             31                 525               94.10
miss_blt                                            321               32184               99.00
miss_bge                                             10               26140               99.96
miss_bltu                                           480                9920               95.16
miss_bgeu                                             0                 320              100.00
miss_jalr                                           176                 176                0.00
miss_total                                         1990              898383               99.78
======================================================================================================================================================================================

Per-Tag Stall Stats
Stall Type                                       Cycles      % Stall Cycles      % Total Cycles
======================================================================================================================================================================================
-----------------------------------------------------------------------------------  Tag kernel    -----------------------------------------------------------------------------------
stall_fp_remote_load                                  0                0.00                0.00
stall_fp_local_load                                   0                0.00                0.00
stall_depend                                    2034356               86.69               62.61
  stall_depend_remote_load_dram                 1933972               82.41               59.52
  stall_depend_remote_load_global                     0                0.00                0.00
  stall_depend_remote_load_group                      0                0.00                0.00
  stall_depend_local_load                         98417                4.19                3.03
stall_force_wb                                     5952                0.25                0.18
stall_ifetch_wait                                     0                0.00                0.00
stall_icache_store                                    0                0.00                0.00
stall_lr_aq                                      287514               12.25                8.85
stall_md                                           1840                0.08                0.06
stall_remote_req                                  17167                0.73                0.53
stall_local_flw                                       0                0.00                0.00
stall_amo_aq                                          0                0.00                0.00
stall_amo_rl                                          0                0.00                0.00
stall_total                                     2346829              100.00               72.23
======================================================================================================================================================================================

Per-Tag Bubble Stats
Bubble Type                                      Cycles        % of Bubbles   % of Total Cycles
======================================================================================================================================================================================
-----------------------------------------------------------------------------------  Tag kernel    -----------------------------------------------------------------------------------
bubble_icache                                         0                0.00                0.00
bubble_branch_mispredict                           3628               91.16                0.11
bubble_jalr_mispredict                              352                8.84                0.01
bubble_total                                       3980              100.00                0.12
======================================================================================================================================================================================

Per-Tag Instruction Stats
Instruction                                       Count   % of Instructions
======================================================================================================================================================================================
-----------------------------------------------------------------------------------  Tag kernel    -----------------------------------------------------------------------------------
instr_fadd                                        24832                2.76
instr_fsub                                            0                0.00
instr_fmul                                        24832                2.76
instr_fsgnj                                           0                0.00
instr_fsgnjn                                          0                0.00
instr_fsgnjx                                          0                0.00
instr_fmin                                            0                0.00
instr_fmax                                            0                0.00
instr_fcvt_s_w                                        0                0.00
instr_fcvt_s_wu                                       0                0.00
instr_fmv_w_x                                       160                0.02
instr_feq                                             0                0.00
instr_flt                                             0                0.00
instr_fle                                             0                0.00
instr_fcvt_w_s                                        0                0.00
instr_fcvt_wu_s                                       0                0.00
instr_fclass                                          0                0.00
instr_fmv_x_w                                         0                0.00
instr_local_ld                                    10611                1.18
instr_local_st                                    80645                8.98
instr_remote_ld_dram                             205760               22.90
instr_remote_ld_global                                0                0.00
instr_remote_ld_group                                 0                0.00
instr_remote_st_dram                                  0                0.00
instr_remote_st_global                               16                0.00
instr_remote_st_group                                40                0.00
instr_local_flw                                   24832                2.76
instr_local_fsw                                     160                0.02
instr_remote_flw                                  24832                2.76
instr_remote_fsw                                    160                0.02
instr_lr                                             20                0.00
instr_lr_aq                                          15                0.00
instr_amoswap                                         0                0.00
instr_amoor                                           0                0.00
instr_beq                                         32676                3.64
instr_bne                                           525                0.06
instr_blt                                         32184                3.58
instr_bge                                         26140                2.91
instr_bltu                                         9920                1.10
instr_bgeu                                          320                0.04
instr_jalr                                          176                0.02
instr_jal                                         25033                2.79
instr_sll                                             0                0.00
instr_slli                                       125731               14.00
instr_srl                                             0                0.00
instr_srli                                            0                0.00
instr_sra                                             0                0.00
instr_srai                                           20                0.00
instr_add                                         59324                6.60
instr_addi                                        87648                9.76
instr_sub                                         25022                2.79
instr_lui                                           229                0.03
instr_auipc                                           0                0.00
instr_xor                                           160                0.02
instr_xori                                            0                0.00
instr_or                                          75624                8.42
instr_ori                                             0                0.00
instr_and                                            48                0.01
instr_andi                                          640                0.07
instr_slt                                             0                0.00
instr_slti                                            0                0.00
instr_sltu                                            0                0.00
instr_sltiu                                           0                0.00
instr_mul                                            32                0.00
instr_mulh                                            0                0.00
instr_mulhsu                                          0                0.00
instr_mulhu                                           0                0.00
instr_div                                            16                0.00
instr_divu                                            0                0.00
instr_rem                                             0                0.00
instr_remu                                            0                0.00
instr_fence                                           0                0.00
instr_total                                      898383              100.00
======================================================================================================================================================================================

Per-Tile Timing Stats
Relative Tile Coordinate (Y,X)             Instructions              Cycles                 IPC   Tile / Tag-Total (%)   Tile / Kernel-Total(%)
======================================================================================================================================================================================
-----------------------------------------------------------------------------------  Tag kernel    -----------------------------------------------------------------------------------
0 , 0                                             53224              203444              0.2616                6.26              100.00
0 , 1                                             63247              203452              0.3109                6.26              100.00
0 , 2                                             53224              203367              0.2617                6.26              100.00
0 , 3                                             53224              203318              0.2618                6.26              100.00
1 , 0                                             53224              203305              0.2618                6.26              100.00
1 , 1                                             69050              203302              0.3396                6.26              100.00
1 , 2                                             53224              203212              0.2619                6.25              100.00
1 , 3                                             53224              203152              0.2620                6.25              100.00
2 , 0                                             53225              203035              0.2621                6.25              100.00
2 , 1                                             63817              203024              0.3143                6.25              100.00
2 , 2                                             53224              202920              0.2623                6.25              100.00
2 , 3                                             53225              202858              0.2624                6.24              100.00
3 , 0                                             53225              202781              0.2625                6.24              100.00
3 , 1                                             63578              202758              0.3136                6.24              100.00
3 , 2                                             53224              202654              0.2626                6.24              100.00
3 , 3                                             53224              202575              0.2627                6.23              100.00
total                                            898383             3249157                   0              0.2765              100.00              100.00
======================================================================================================================================================================================

