Per-Tag Stats
Tag ID                 Aggr Instructions      Aggr I$ Misses   Aggr Stall Cycles  Aggr Bubble Cycles   Aggr Total Cycles    Abs Total Cycles                 IPC    % of Kernel Cycles
======================================================================================================================================================================================
kernel                            951752                   0             5725613               31498             6708828              419784              0.1419              100.00
======================================================================================================================================================================================

Per-Tile-Group Timing Stats
Tile Group ID                         Aggr Instructions   Aggr Total Cycles     Abs Total Cycle                 IPC   TG / Tag-Total (%)   TG / Kernel-Total(%)
======================================================================================================================================================================================
-----------------------------------------------------------------------------------  Tag kernel    -----------------------------------------------------------------------------------
0                                                951752             6708828              419784              0.1419              100.00              100.00
total                                            951752             6708828              419784              0.1419              100.00              100.00
======================================================================================================================================================================================

Per-Tag Miss Stats
Miss Type                                        Misses            Accesses        Hit Rate (%)
======================================================================================================================================================================================
-----------------------------------------------------------------------------------  Tag kernel    -----------------------------------------------------------------------------------
miss_icache                                           0              951752              100.00
miss_beq                                            307                8039               96.18
miss_bne                                            175               39181               99.55
miss_blt                                          14361               47228               69.59
miss_bge                                            250               25595               99.02
miss_bltu                                           480                5760               91.67
miss_bgeu                                             0                 320              100.00
miss_jalr                                           176                 176                0.00
miss_total                                        15749              951752               98.35
======================================================================================================================================================================================

Per-Tag Stall Stats
Stall Type                                       Cycles      % Stall Cycles      % Total Cycles
======================================================================================================================================================================================
-----------------------------------------------------------------------------------  Tag kernel    -----------------------------------------------------------------------------------
stall_fp_remote_load                                  0                0.00                0.00
stall_fp_local_load                                   0                0.00                0.00
stall_depend                                    2116766               36.97               31.55
  stall_depend_remote_load_dram                 2016494               35.22               30.06
  stall_depend_remote_load_global                     0                0.00                0.00
  stall_depend_remote_load_group                      0                0.00                0.00
  stall_depend_local_load                         80052                1.40                1.19
stall_force_wb                                    12228                0.21                0.18
stall_ifetch_wait                                     0                0.00                0.00
stall_icache_store                                    0                0.00                0.00
stall_lr_aq                                     3587897               62.66               53.48
stall_md                                           1839                0.03                0.03
stall_remote_req                                   6883                0.12                0.10
stall_local_flw                                       0                0.00                0.00
stall_amo_aq                                          0                0.00                0.00
stall_amo_rl                                          0                0.00                0.00
stall_total                                     5725613              100.00               85.34
======================================================================================================================================================================================

Per-Tag Bubble Stats
Bubble Type                                      Cycles        % of Bubbles   % of Total Cycles
======================================================================================================================================================================================
-----------------------------------------------------------------------------------  Tag kernel    -----------------------------------------------------------------------------------
bubble_icache                                         0                0.00                0.00
bubble_branch_mispredict                          31146               98.88                0.46
bubble_jalr_mispredict                              352                1.12                0.01
bubble_total                                      31498              100.00                0.47
======================================================================================================================================================================================

Per-Tag Instruction Stats
Instruction                                       Count   % of Instructions
======================================================================================================================================================================================
-----------------------------------------------------------------------------------  Tag kernel    -----------------------------------------------------------------------------------
instr_fadd                                        24832                2.61
instr_fsub                                            0                0.00
instr_fmul                                        24832                2.61
instr_fsgnj                                           0                0.00
instr_fsgnjn                                          0                0.00
instr_fsgnjx                                          0                0.00
instr_fmin                                            0                0.00
instr_fmax                                            0                0.00
instr_fcvt_s_w                                        0                0.00
instr_fcvt_s_wu                                       0                0.00
instr_fmv_w_x                                        40                0.00
instr_feq                                             0                0.00
instr_flt                                             0                0.00
instr_fle                                             0                0.00
instr_fcvt_w_s                                        0                0.00
instr_fcvt_wu_s                                       0                0.00
instr_fclass                                          0                0.00
instr_fmv_x_w                                         0                0.00
instr_local_ld                                     9878                1.04
instr_local_st                                    41170                4.33
instr_remote_ld_dram                             180064               18.92
instr_remote_ld_global                                0                0.00
instr_remote_ld_group                                 0                0.00
instr_remote_st_dram                                  0                0.00
instr_remote_st_global                               16                0.00
instr_remote_st_group                                40                0.00
instr_local_flw                                   25432                2.67
instr_local_fsw                                     320                0.03
instr_remote_flw                                  24832                2.61
instr_remote_fsw                                    320                0.03
instr_lr                                             20                0.00
instr_lr_aq                                          15                0.00
instr_amoswap                                         0                0.00
instr_amoor                                           0                0.00
instr_beq                                          8039                0.84
instr_bne                                         39181                4.12
instr_blt                                         47228                4.96
instr_bge                                         25595                2.69
instr_bltu                                         5760                0.61
instr_bgeu                                          320                0.03
instr_jalr                                          176                0.02
instr_jal                                           641                0.07
instr_sll                                             0                0.00
instr_slli                                       154137               16.20
instr_srl                                             0                0.00
instr_srli                                            0                0.00
instr_sra                                             0                0.00
instr_srai                                           20                0.00
instr_add                                        111999               11.77
instr_addi                                       110810               11.64
instr_sub                                         39166                4.12
instr_lui                                           229                0.02
instr_auipc                                           0                0.00
instr_xor                                           160                0.02
instr_xori                                            0                0.00
instr_or                                          75744                7.96
instr_ori                                             0                0.00
instr_and                                            48                0.01
instr_andi                                          640                0.07
instr_slt                                             0                0.00
instr_slti                                            0                0.00
instr_sltu                                            0                0.00
instr_sltiu                                           0                0.00
instr_mul                                            32                0.00
instr_mulh                                            0                0.00
instr_mulhsu                                          0                0.00
instr_mulhu                                           0                0.00
instr_div                                            16                0.00
instr_divu                                            0                0.00
instr_rem                                             0                0.00
instr_remu                                            0                0.00
instr_fence                                           0                0.00
instr_total                                      951752              100.00
======================================================================================================================================================================================

Per-Tile Timing Stats
Relative Tile Coordinate (Y,X)             Instructions              Cycles                 IPC   Tile / Tag-Total (%)   Tile / Kernel-Total(%)
======================================================================================================================================================================================
-----------------------------------------------------------------------------------  Tag kernel    -----------------------------------------------------------------------------------
0 , 0                                            113095              419674              0.2695                6.26              100.00
0 , 1                                            135706              419682              0.3234                6.26              100.00
0 , 2                                            113095              419597              0.2695                6.25              100.00
0 , 3                                            113095              419548              0.2696                6.25              100.00
1 , 0                                            113095              419535              0.2696                6.25              100.00
1 , 1                                            135572              419532              0.3232                6.25              100.00
1 , 2                                            113095              419442              0.2696                6.25              100.00
1 , 3                                            113095              419382              0.2697                6.25              100.00
2 , 0                                               187              419265              0.0004                6.25              100.00
2 , 1                                               381              419251              0.0009                6.25              100.00
2 , 2                                               186              419149              0.0004                6.25              100.00
2 , 3                                               187              419086              0.0004                6.25              100.00
3 , 0                                               187              419011              0.0004                6.25              100.00
3 , 1                                               403              418988              0.0010                6.25              100.00
3 , 2                                               186              418881              0.0004                6.24              100.00
3 , 3                                               187              418805              0.0004                6.24              100.00
total                                            951752             6708828                   0              0.1419              100.00              100.00
======================================================================================================================================================================================

