Per-Tag Stats
Tag ID                 Aggr Instructions      Aggr I$ Misses   Aggr Stall Cycles  Aggr Bubble Cycles   Aggr Total Cycles    Abs Total Cycles                 IPC    % of Kernel Cycles
======================================================================================================================================================================================
kernel                           1951264                   0            12177512              111572            14240313              890503              0.1370              100.00
======================================================================================================================================================================================

Per-Tile-Group Timing Stats
Tile Group ID                         Aggr Instructions   Aggr Total Cycles     Abs Total Cycle                 IPC   TG / Tag-Total (%)   TG / Kernel-Total(%)
======================================================================================================================================================================================
-----------------------------------------------------------------------------------  Tag kernel    -----------------------------------------------------------------------------------
0                                               1951264            14240313              890503              0.1370              100.00              100.00
total                                           1951264            14240313              890503              0.1370              100.00              100.00
======================================================================================================================================================================================

Per-Tag Miss Stats
Miss Type                                        Misses            Accesses        Hit Rate (%)
======================================================================================================================================================================================
-----------------------------------------------------------------------------------  Tag kernel    -----------------------------------------------------------------------------------
miss_icache                                           0             1951264              100.00
miss_beq                                             96              108677               99.91
miss_bne                                           1200               80506               98.51
miss_blt                                          52417              186497               71.89
miss_bge                                            690               27404               97.48
miss_bltu                                           975                4510               78.38
miss_bgeu                                            24                 679               96.47
miss_jalr                                           384                 399                3.76
miss_total                                        55786             1951264               97.14
======================================================================================================================================================================================

Per-Tag Stall Stats
Stall Type                                       Cycles      % Stall Cycles      % Total Cycles
======================================================================================================================================================================================
-----------------------------------------------------------------------------------  Tag kernel    -----------------------------------------------------------------------------------
stall_fp_remote_load                                  0                0.00                0.00
stall_fp_local_load                                   0                0.00                0.00
stall_depend                                    3009337               24.71               21.13
  stall_depend_remote_load_dram                 2908283               23.88               20.42
  stall_depend_remote_load_global                     0                0.00                0.00
  stall_depend_remote_load_group                      0                0.00                0.00
  stall_depend_local_load                       1954849               16.05               13.73
stall_force_wb                                    17032                0.14                0.12
stall_ifetch_wait                                     0                0.00                0.00
stall_icache_store                                    0                0.00                0.00
stall_lr_aq                                     9136635               75.03               64.16
stall_md                                          10912                0.09                0.08
stall_remote_req                                   3596                0.03                0.03
stall_local_flw                                       0                0.00                0.00
stall_amo_aq                                          0                0.00                0.00
stall_amo_rl                                          0                0.00                0.00
stall_total                                    12177512              100.00               85.51
======================================================================================================================================================================================

Per-Tag Bubble Stats
Bubble Type                                      Cycles        % of Bubbles   % of Total Cycles
======================================================================================================================================================================================
-----------------------------------------------------------------------------------  Tag kernel    -----------------------------------------------------------------------------------
bubble_icache                                         0                0.00                0.00
bubble_branch_mispredict                         110804               99.31                0.78
bubble_jalr_mispredict                              768                0.69                0.01
bubble_total                                     111572              100.00                0.78
======================================================================================================================================================================================

Per-Tag Instruction Stats
Instruction                                       Count   % of Instructions
======================================================================================================================================================================================
-----------------------------------------------------------------------------------  Tag kernel    -----------------------------------------------------------------------------------
instr_fadd                                        24832                1.27
instr_fsub                                            0                0.00
instr_fmul                                        24832                1.27
instr_fsgnj                                           0                0.00
instr_fsgnjn                                          0                0.00
instr_fsgnjx                                          0                0.00
instr_fmin                                            0                0.00
instr_fmax                                            0                0.00
instr_fcvt_s_w                                        0                0.00
instr_fcvt_s_wu                                       0                0.00
instr_fmv_w_x                                         0                0.00
instr_feq                                             0                0.00
instr_flt                                             0                0.00
instr_fle                                             0                0.00
instr_fcvt_w_s                                        0                0.00
instr_fcvt_wu_s                                       0                0.00
instr_fclass                                          0                0.00
instr_fmv_x_w                                         0                0.00
instr_local_ld                                   112898                5.79
instr_local_st                                    33806                1.73
instr_remote_ld_dram                             214152               10.98
instr_remote_ld_global                                0                0.00
instr_remote_ld_group                                 0                0.00
instr_remote_st_dram                                  0                0.00
instr_remote_st_global                               16                0.00
instr_remote_st_group                                40                0.00
instr_local_flw                                   26432                1.35
instr_local_fsw                                     800                0.04
instr_remote_flw                                  24832                1.27
instr_remote_fsw                                    800                0.04
instr_lr                                             20                0.00
instr_lr_aq                                          15                0.00
instr_amoswap                                         0                0.00
instr_amoor                                           0                0.00
instr_beq                                        108677                5.57
instr_bne                                         80506                4.13
instr_blt                                        186497                9.56
instr_bge                                         27404                1.40
instr_bltu                                         4510                0.23
instr_bgeu                                          679                0.03
instr_jalr                                          399                0.02
instr_jal                                           720                0.04
instr_sll                                             0                0.00
instr_slli                                       235029               12.04
instr_srl                                             0                0.00
instr_srli                                            0                0.00
instr_sra                                             0                0.00
instr_srai                                           20                0.00
instr_add                                        295213               15.13
instr_addi                                       389427               19.96
instr_sub                                         78366                4.02
instr_lui                                           229                0.01
instr_auipc                                          24                0.00
instr_xor                                           320                0.02
instr_xori                                            0                0.00
instr_or                                          77964                4.00
instr_ori                                             0                0.00
instr_and                                            48                0.00
instr_andi                                         1469                0.08
instr_slt                                             0                0.00
instr_slti                                            0                0.00
instr_sltu                                            0                0.00
instr_sltiu                                           0                0.00
instr_mul                                           208                0.01
instr_mulh                                            0                0.00
instr_mulhsu                                          0                0.00
instr_mulhu                                           0                0.00
instr_div                                            48                0.00
instr_divu                                            0                0.00
instr_rem                                            32                0.00
instr_remu                                            0                0.00
instr_fence                                           0                0.00
instr_total                                     1951264              100.00
======================================================================================================================================================================================

Per-Tile Timing Stats
Relative Tile Coordinate (Y,X)             Instructions              Cycles                 IPC   Tile / Tag-Total (%)   Tile / Kernel-Total(%)
======================================================================================================================================================================================
-----------------------------------------------------------------------------------  Tag kernel    -----------------------------------------------------------------------------------
0 , 0                                            242960              890393              0.2729                6.25              100.00
0 , 1                                            289176              890401              0.3248                6.25              100.00
0 , 2                                            242962              890316              0.2729                6.25              100.00
0 , 3                                            242963              890267              0.2729                6.25              100.00
1 , 0                                            242961              890252              0.2729                6.25              100.00
1 , 1                                            687723              890251              0.7725                6.25              100.00
1 , 2                                               209              890161              0.0002                6.25              100.00
1 , 3                                               210              890101              0.0002                6.25              100.00
2 , 0                                               209              889977              0.0002                6.25              100.00
2 , 1                                               409              889968              0.0005                6.25              100.00
2 , 2                                               210              889869              0.0002                6.25              100.00
2 , 3                                               212              889803              0.0002                6.25              100.00
3 , 0                                               210              889726              0.0002                6.25              100.00
3 , 1                                               427              889705              0.0005                6.25              100.00
3 , 2                                               211              889601              0.0002                6.25              100.00
3 , 3                                               212              889522              0.0002                6.25              100.00
total                                           1951264            14240313                   0              0.1370              100.00              100.00
======================================================================================================================================================================================

