Per-Tag Stats
Tag ID                 Aggr Instructions      Aggr I$ Misses   Aggr Stall Cycles  Aggr Bubble Cycles   Aggr Total Cycles    Abs Total Cycles                 IPC    % of Kernel Cycles
======================================================================================================================================================================================
kernel                            578519                   0             3396443               21950             3996877              250287              0.1447              100.00
======================================================================================================================================================================================

Per-Tile-Group Timing Stats
Tile Group ID                         Aggr Instructions   Aggr Total Cycles     Abs Total Cycle                 IPC   TG / Tag-Total (%)   TG / Kernel-Total(%)
======================================================================================================================================================================================
-----------------------------------------------------------------------------------  Tag kernel    -----------------------------------------------------------------------------------
0                                                578519             3996877              250287              0.1447              100.00              100.00
total                                            578519             3996877              250287              0.1447              100.00              100.00
======================================================================================================================================================================================

Per-Tag Miss Stats
Miss Type                                        Misses            Accesses        Hit Rate (%)
======================================================================================================================================================================================
-----------------------------------------------------------------------------------  Tag kernel    -----------------------------------------------------------------------------------
miss_icache                                           0              578519              100.00
miss_beq                                           3067               31706               90.33
miss_bne                                           1607               29723               94.59
miss_blt                                             11               28649               99.96
miss_bge                                             16                4655               99.66
miss_bltu                                          4666               15550               69.99
miss_bgeu                                            10                3124               99.68
miss_jalr                                          1598                1608                0.62
miss_total                                        10975              578519               98.10
======================================================================================================================================================================================

Per-Tag Stall Stats
Stall Type                                       Cycles      % Stall Cycles      % Total Cycles
======================================================================================================================================================================================
-----------------------------------------------------------------------------------  Tag kernel    -----------------------------------------------------------------------------------
stall_fp_remote_load                                  0                0.00                0.00
stall_fp_local_load                                   0                0.00                0.00
stall_depend                                     574094               16.90               14.36
  stall_depend_remote_load_dram                  400006               11.78               10.01
  stall_depend_remote_load_global                     0                0.00                0.00
  stall_depend_remote_load_group                      0                0.00                0.00
  stall_depend_local_load                          1808                0.05                0.05
stall_force_wb                                     1261                0.04                0.03
stall_ifetch_wait                                     0                0.00                0.00
stall_icache_store                                    0                0.00                0.00
stall_lr_aq                                     2762601               81.34               69.12
stall_md                                          58164                1.71                1.46
stall_remote_req                                    315                0.01                0.01
stall_local_flw                                       8                0.00                0.00
stall_amo_aq                                          0                0.00                0.00
stall_amo_rl                                          0                0.00                0.00
stall_total                                     3396443              100.00               84.98
======================================================================================================================================================================================

Per-Tag Bubble Stats
Bubble Type                                      Cycles        % of Bubbles   % of Total Cycles
======================================================================================================================================================================================
-----------------------------------------------------------------------------------  Tag kernel    -----------------------------------------------------------------------------------
bubble_icache                                         0                0.00                0.00
bubble_branch_mispredict                          18754               85.44                0.47
bubble_jalr_mispredict                             3196               14.56                0.08
bubble_total                                      21950              100.00                0.55
======================================================================================================================================================================================

Per-Tag Instruction Stats
Instruction                                       Count   % of Instructions
======================================================================================================================================================================================
-----------------------------------------------------------------------------------  Tag kernel    -----------------------------------------------------------------------------------
instr_fadd                                        24832                4.29
instr_fsub                                            0                0.00
instr_fmul                                        24832                4.29
instr_fsgnj                                           0                0.00
instr_fsgnjn                                          0                0.00
instr_fsgnjx                                          0                0.00
instr_fmin                                            0                0.00
instr_fmax                                            0                0.00
instr_fcvt_s_w                                        0                0.00
instr_fcvt_s_wu                                       0                0.00
instr_fmv_w_x                                         0                0.00
instr_feq                                             0                0.00
instr_flt                                             0                0.00
instr_fle                                             0                0.00
instr_fcvt_w_s                                        0                0.00
instr_fcvt_wu_s                                       0                0.00
instr_fclass                                          0                0.00
instr_fmv_x_w                                         0                0.00
instr_local_ld                                    32069                5.54
instr_local_st                                    25198                4.36
instr_remote_ld_dram                              32692                5.65
instr_remote_ld_global                                0                0.00
instr_remote_ld_group                                 0                0.00
instr_remote_st_dram                                  0                0.00
instr_remote_st_global                               16                0.00
instr_remote_st_group                                40                0.01
instr_local_flw                                   49824                8.61
instr_local_fsw                                   24832                4.29
instr_remote_flw                                   1552                0.27
instr_remote_fsw                                    160                0.03
instr_lr                                             20                0.00
instr_lr_aq                                          15                0.00
instr_amoswap                                         0                0.00
instr_amoor                                           0                0.00
instr_beq                                         31706                5.48
instr_bne                                         29723                5.14
instr_blt                                         28649                4.95
instr_bge                                          4655                0.80
instr_bltu                                        15550                2.69
instr_bgeu                                         3124                0.54
instr_jalr                                         1608                0.28
instr_jal                                          3165                0.55
instr_sll                                             0                0.00
instr_slli                                         6438                1.11
instr_srl                                             0                0.00
instr_srli                                            0                0.00
instr_sra                                             0                0.00
instr_srai                                           20                0.00
instr_add                                         41150                7.11
instr_addi                                       180486               31.20
instr_sub                                          1620                0.28
instr_lui                                           229                0.04
instr_auipc                                          20                0.00
instr_xor                                          1552                0.27
instr_xori                                            0                0.00
instr_or                                           4884                0.84
instr_ori                                             0                0.00
instr_and                                            48                0.01
instr_andi                                         6238                1.08
instr_slt                                             0                0.00
instr_slti                                            0                0.00
instr_sltu                                            0                0.00
instr_sltiu                                           0                0.00
instr_mul                                          1572                0.27
instr_mulh                                            0                0.00
instr_mulhsu                                          0                0.00
instr_mulhu                                           0                0.00
instr_div                                             0                0.00
instr_divu                                            0                0.00
instr_rem                                             0                0.00
instr_remu                                            0                0.00
instr_fence                                           0                0.00
instr_total                                      578519              100.00
======================================================================================================================================================================================

Per-Tile Timing Stats
Relative Tile Coordinate (Y,X)             Instructions              Cycles                 IPC   Tile / Tag-Total (%)   Tile / Kernel-Total(%)
======================================================================================================================================================================================
-----------------------------------------------------------------------------------  Tag kernel    -----------------------------------------------------------------------------------
0 , 0                                             21269              250177              0.0850                6.26              100.00
0 , 1                                             54458              250185              0.2177                6.26              100.00
0 , 2                                             27269              250100              0.1090                6.26              100.00
0 , 3                                             45269              250051              0.1810                6.26              100.00
1 , 0                                             91269              250038              0.3650                6.26              100.00
1 , 1                                            192492              250035              0.7699                6.26              100.00
1 , 2                                             21269              249945              0.0851                6.25              100.00
1 , 3                                             37269              249885              0.1491                6.25              100.00
2 , 0                                             41270              249765              0.1652                6.25              100.00
2 , 1                                             46022              249757              0.1843                6.25              100.00
2 , 2                                                74              249653              0.0003                6.25              100.00
2 , 3                                                75              249589              0.0003                6.24              100.00
3 , 0                                                75              249514              0.0003                6.24              100.00
3 , 1                                               291              249491              0.0012                6.24              100.00
3 , 2                                                74              249384              0.0003                6.24              100.00
3 , 3                                                74              249308              0.0003                6.24              100.00
total                                            578519             3996877                   0              0.1447              100.00              100.00
======================================================================================================================================================================================

