Per-Tag Stats
Tag ID                 Aggr Instructions      Aggr I$ Misses   Aggr Stall Cycles  Aggr Bubble Cycles   Aggr Total Cycles    Abs Total Cycles                 IPC    % of Kernel Cycles
======================================================================================================================================================================================
kernel                            288203                   0              857339                 798             1146305               72125              0.2514              100.00
======================================================================================================================================================================================

Per-Tile-Group Timing Stats
Tile Group ID                         Aggr Instructions   Aggr Total Cycles     Abs Total Cycle                 IPC   TG / Tag-Total (%)   TG / Kernel-Total(%)
======================================================================================================================================================================================
-----------------------------------------------------------------------------------  Tag kernel    -----------------------------------------------------------------------------------
0                                                288203             1146305               72125              0.2514              100.00              100.00
total                                            288203             1146305               72125              0.2514              100.00              100.00
======================================================================================================================================================================================

Per-Tag Miss Stats
Miss Type                                        Misses            Accesses        Hit Rate (%)
======================================================================================================================================================================================
-----------------------------------------------------------------------------------  Tag kernel    -----------------------------------------------------------------------------------
miss_icache                                           0              288203              100.00
miss_beq                                            101                2253               95.52
miss_bne                                            191               25069               99.24
miss_blt                                             17                2168               99.22
miss_bge                                             10                 278               96.40
miss_bltu                                            48                 992               95.16
miss_bgeu                                             0                  32              100.00
miss_jalr                                            32                  32                0.00
miss_total                                          399              288203               99.86
======================================================================================================================================================================================

Per-Tag Stall Stats
Stall Type                                       Cycles      % Stall Cycles      % Total Cycles
======================================================================================================================================================================================
-----------------------------------------------------------------------------------  Tag kernel    -----------------------------------------------------------------------------------
stall_fp_remote_load                                  0                0.00                0.00
stall_fp_local_load                                   0                0.00                0.00
stall_depend                                     785778               91.65               68.55
  stall_depend_remote_load_dram                  665235               77.59               58.03
  stall_depend_remote_load_global                     0                0.00                0.00
  stall_depend_remote_load_group                      0                0.00                0.00
  stall_depend_local_load                         31663                3.69                2.76
stall_force_wb                                      716                0.08                0.06
stall_ifetch_wait                                     0                0.00                0.00
stall_icache_store                                    0                0.00                0.00
stall_lr_aq                                       67860                7.92                5.92
stall_md                                           1151                0.13                0.10
stall_remote_req                                   1735                0.20                0.15
stall_local_flw                                      99                0.01                0.01
stall_amo_aq                                          0                0.00                0.00
stall_amo_rl                                          0                0.00                0.00
stall_total                                      857339              100.00               74.79
======================================================================================================================================================================================

Per-Tag Bubble Stats
Bubble Type                                      Cycles        % of Bubbles   % of Total Cycles
======================================================================================================================================================================================
-----------------------------------------------------------------------------------  Tag kernel    -----------------------------------------------------------------------------------
bubble_icache                                         0                0.00                0.00
bubble_branch_mispredict                            734               91.98                0.06
bubble_jalr_mispredict                               64                8.02                0.01
bubble_total                                        798              100.00                0.07
======================================================================================================================================================================================

Per-Tag Instruction Stats
Instruction                                       Count   % of Instructions
======================================================================================================================================================================================
-----------------------------------------------------------------------------------  Tag kernel    -----------------------------------------------------------------------------------
instr_fadd                                        24832                8.62
instr_fsub                                            0                0.00
instr_fmul                                        24832                8.62
instr_fsgnj                                           0                0.00
instr_fsgnjn                                          0                0.00
instr_fsgnjx                                          0                0.00
instr_fmin                                            0                0.00
instr_fmax                                            0                0.00
instr_fcvt_s_w                                        0                0.00
instr_fcvt_s_wu                                       0                0.00
instr_fmv_w_x                                       160                0.06
instr_feq                                             0                0.00
instr_flt                                             0                0.00
instr_fle                                             0                0.00
instr_fcvt_w_s                                        0                0.00
instr_fcvt_wu_s                                       0                0.00
instr_fclass                                          0                0.00
instr_fmv_x_w                                         0                0.00
instr_local_ld                                     2556                0.89
instr_local_st                                     8040                2.79
instr_remote_ld_dram                              34352               11.92
instr_remote_ld_global                                0                0.00
instr_remote_ld_group                                 0                0.00
instr_remote_st_dram                                  0                0.00
instr_remote_st_global                               16                0.01
instr_remote_st_group                                40                0.01
instr_local_flw                                   24832                8.62
instr_local_fsw                                       0                0.00
instr_remote_flw                                  24832                8.62
instr_remote_fsw                                    160                0.06
instr_lr                                             20                0.01
instr_lr_aq                                          15                0.01
instr_amoswap                                         0                0.00
instr_amoor                                           0                0.00
instr_beq                                          2253                0.78
instr_bne                                         25069                8.70
instr_blt                                          2168                0.75
instr_bge                                           278                0.10
instr_bltu                                          992                0.34
instr_bgeu                                           32                0.01
instr_jalr                                           32                0.01
instr_jal                                            73                0.03
instr_sll                                             0                0.00
instr_slli                                        26365                9.15
instr_srl                                             0                0.00
instr_srli                                            0                0.00
instr_sra                                             0                0.00
instr_srai                                           20                0.01
instr_add                                         27895                9.68
instr_addi                                        56728               19.68
instr_sub                                            46                0.02
instr_lui                                           229                0.08
instr_auipc                                           0                0.00
instr_xor                                            16                0.01
instr_xori                                            0                0.00
instr_or                                           1176                0.41
instr_ori                                             0                0.00
instr_and                                            48                0.02
instr_andi                                           64                0.02
instr_slt                                             0                0.00
instr_slti                                            0                0.00
instr_sltu                                            0                0.00
instr_sltiu                                           0                0.00
instr_mul                                            32                0.01
instr_mulh                                            0                0.00
instr_mulhsu                                          0                0.00
instr_mulhu                                           0                0.00
instr_div                                             0                0.00
instr_divu                                            0                0.00
instr_rem                                             0                0.00
instr_remu                                            0                0.00
instr_fence                                           0                0.00
instr_total                                      288203              100.00
======================================================================================================================================================================================

Per-Tile Timing Stats
Relative Tile Coordinate (Y,X)             Instructions              Cycles                 IPC   Tile / Tag-Total (%)   Tile / Kernel-Total(%)
======================================================================================================================================================================================
-----------------------------------------------------------------------------------  Tag kernel    -----------------------------------------------------------------------------------
0 , 0                                             17157               72015              0.2382                6.28              100.00
0 , 1                                             20472               72023              0.2842                6.28              100.00
0 , 2                                             17158               71938              0.2385                6.28              100.00
0 , 3                                             17159               71889              0.2387                6.27              100.00
1 , 0                                             17157               71879              0.2387                6.27              100.00
1 , 1                                             20951               71873              0.2915                6.27              100.00
1 , 2                                             17159               71783              0.2390                6.26              100.00
1 , 3                                             17160               71723              0.2393                6.26              100.00
2 , 0                                             17159               71606              0.2396                6.25              100.00
2 , 1                                             20432               71595              0.2854                6.25              100.00
2 , 2                                             17160               71490              0.2400                6.24              100.00
2 , 3                                             17162               71429              0.2403                6.23              100.00
3 , 0                                             17160               71352              0.2405                6.22              100.00
3 , 1                                             20434               71334              0.2865                6.22              100.00
3 , 2                                             17161               71225              0.2409                6.21              100.00
3 , 3                                             17162               71151              0.2412                6.21              100.00
total                                            288203             1146305                   0              0.2514              100.00              100.00
======================================================================================================================================================================================

